<?xml version="1.0" encoding="UTF-8"?>
<testsuite xmlns:xsi="http://www.w3.org/2001/XMLSchema-instance" xsi:noNamespaceSchemaLocation="https://maven.apache.org/surefire/maven-surefire-plugin/xsd/surefire-test-report-3.0.xsd" version="3.0" name="catpoint.SecurityServiceTest" time="0.78" tests="12" errors="0" skipped="0" failures="0">
  <properties>
[...]
</properties>
  <testcase name="armedAtHome_catDetected_alarmActive" classname="catpoint.SecurityServiceTest" time="0.601"/>
  <testcase name="alarmArmed_sensorActivated_alarmPending" classname="catpoint.SecurityServiceTest" time="0.004"/>
  <testcase name="pendingAlarm_sensorInactive_noAlarmActive" classname="catpoint.SecurityServiceTest" time="0.003"/>
  <testcase name="noCatDetected_alarmNotActive" classname="catpoint.SecurityServiceTest" time="0.004"/>
  <testcase name="pendingAlarm_additionalSensorActivated_alarmIsActive" classname="catpoint.SecurityServiceTest" time="0.003"/>
  <testcase name="systemDisarmed_noAlarm" classname="catpoint.SecurityServiceTest" time="0.003"/>
  <testcase name="armedHome_whileCatDetected_alarmActive" classname="catpoint.SecurityServiceTest" time="0.004"/>
  <testcase name="alarmActive_sensorChange_notAffectAlarmState" classname="catpoint.SecurityServiceTest" time="0.003"/>
  <testcase name="systemArmed_resetSensorsInactive(ArmingStatus)[1]" classname="catpoint.SecurityServiceTest" time="0.087"/>
  <testcase name="systemArmed_resetSensorsInactive(ArmingStatus)[2]" classname="catpoint.SecurityServiceTest" time="0.005"/>
  <testcase name="noActiveSensor_sensorDeactivated_noAlarmChange" classname="catpoint.SecurityServiceTest" time="0.002"/>
  <testcase name="alarmArmed_alarmPending_sensorActivated_alarmActive" classname="catpoint.SecurityServiceTest" time="0.002"/>
</testsuite>